<?xml version="1.0" encoding="UTF-8"?>
<!-- Generated by org.testng.reporters.JUnitReportReporter -->
<testsuite hostname="DESKTOP-RR4CVOF" failures="0" tests="3" name="test.TestAutomation" time="8.372" errors="0" timestamp="2024-07-16T18:23:05 IST" skipped="0">
  <testcase classname="test.TestAutomation" name="watchDemo" time="7.984"/>
  <testcase classname="test.TestAutomation" name="openShoppingCart" time="0.337"/>
  <testcase classname="test.TestAutomation" name="validatePrices" time="0.051"/>
</testsuite> <!-- test.TestAutomation -->
